<?xml version="1.0" encoding="UTF-8"?>
<testsuite xmlns:xsi="http://www.w3.org/2001/XMLSchema-instance" xsi:noNamespaceSchemaLocation="https://maven.apache.org/surefire/maven-surefire-plugin/xsd/surefire-test-report.xsd" name="com.nh.qa.ui.selenium.secuirity.RegressionTest" time="313.888" tests="16" errors="0" skipped="0" failures="0">
  <properties>
[...]
</properties>
  <testcase name="User is in the Main Page" classname="com.nh.qa.ui.selenium.secuirity.RegressionTest" time="16.486"/>
  <testcase name="User is in the Management Page Disease Management" classname="com.nh.qa.ui.selenium.secuirity.RegressionTest" time="8.036"/>
  <testcase name="User is in the Management Page Line of Treatment Management" classname="com.nh.qa.ui.selenium.secuirity.RegressionTest" time="8.66"/>
  <testcase name="User is in the Management Page SubDisease Management" classname="com.nh.qa.ui.selenium.secuirity.RegressionTest" time="8.914"/>
  <testcase name="User searches based on AutoImmuneDisease" classname="com.nh.qa.ui.selenium.secuirity.RegressionTest" time="15.446"/>
  <testcase name="User is opening the Searched Autoimmune Disease items" classname="com.nh.qa.ui.selenium.secuirity.RegressionTest" time="11.683"/>
  <testcase name="User is in the Management Page and adds Drugs, Disease, LOT and Provider" classname="com.nh.qa.ui.selenium.secuirity.RegressionTest" time="30.188"/>
  <testcase name="User is adding NewDisease in Disease Management Page" classname="com.nh.qa.ui.selenium.secuirity.RegressionTest" time="29.549"/>
  <testcase name="User is in the Management Page Disease Management Page editing new Disease" classname="com.nh.qa.ui.selenium.secuirity.RegressionTest" time="24.175"/>
  <testcase name="I clear the DiseaseTestEdited" classname="com.nh.qa.ui.selenium.secuirity.RegressionTest" time="19.039"/>
  <testcase name="User is in the Management Page SubDisease Management to Save new item" classname="com.nh.qa.ui.selenium.secuirity.RegressionTest" time="28.901"/>
  <testcase name="User is in the Management Page SubDisease Management and edits Saved item" classname="com.nh.qa.ui.selenium.secuirity.RegressionTest" time="26.252"/>
  <testcase name="User clears the SubDisease that was Edited" classname="com.nh.qa.ui.selenium.secuirity.RegressionTest" time="17.035"/>
  <testcase name="User is adding NewLOT in Line of Treatment Management Page" classname="com.nh.qa.ui.selenium.secuirity.RegressionTest" time="29.582"/>
  <testcase name="User is in the Management Page Line of Treatment Page editing new LOT" classname="com.nh.qa.ui.selenium.secuirity.RegressionTest" time="21.014"/>
  <testcase name="I clear the LOTTestEdited" classname="com.nh.qa.ui.selenium.secuirity.RegressionTest" time="18.854"/>
</testsuite>